[2026-03-09T05:24:12Z] experiment: exp2 WF S_I2C_CTL staging
[2026-03-09T05:24:12Z] doc: docs/pmic-followup-experiments.md
[2026-03-09T05:24:12Z] kernel tree: /home/lhl/.cache/paru/clone/linux-mainline/src/linux-mainline
[2026-03-09T05:24:12Z] baseline profile: candidate
[2026-03-09T05:24:12Z] patch: /home/lhl/github/lhl/msi-prestige13-a2vm-webcam/reference/patches/ms13q3-wf-s-i2c-ctl-staging-v1.patch
[2026-03-09T05:24:12Z] module release: 7.0.0-rc2-1-mainline-dirty
[2026-03-09T05:24:12Z] build jobs: 8
[2026-03-09T05:24:12Z] dry-run: 0
[2026-03-09T05:24:12Z] build directories:
[2026-03-09T05:24:12Z]   - drivers/platform/x86/intel/int3472
[2026-03-09T05:24:12Z]   - drivers/media/pci/intel
[2026-03-09T05:24:12Z]   - drivers/media/i2c
[2026-03-09T05:24:12Z]   - drivers/regulator
[2026-03-09T05:24:12Z] module installs:
[2026-03-09T05:24:12Z]   - drivers/platform/x86/intel/int3472/intel_skl_int3472_tps68470.ko:kernel/drivers/platform/x86/intel/int3472/intel_skl_int3472_tps68470.ko.zst
[2026-03-09T05:24:12Z]   - drivers/media/pci/intel/ipu-bridge.ko:kernel/drivers/media/pci/intel/ipu-bridge.ko.zst
[2026-03-09T05:24:12Z]   - drivers/media/i2c/ov5675.ko:kernel/drivers/media/i2c/ov5675.ko.zst
[2026-03-09T05:24:12Z]   - drivers/regulator/tps68470-regulator.ko:kernel/drivers/regulator/tps68470-regulator.ko.zst
[2026-03-09T05:24:12Z] reverse previously-applied experiment patch: /home/lhl/github/lhl/msi-prestige13-a2vm-webcam/reference/patches/pmic-path-instrumentation-v1-pre-regmap-include.patch
[2026-03-09T05:24:12Z] CMD: git -C /home/lhl/.cache/paru/clone/linux-mainline/src/linux-mainline apply --reverse /home/lhl/github/lhl/msi-prestige13-a2vm-webcam/reference/patches/pmic-path-instrumentation-v1-pre-regmap-include.patch
