[2026-03-09T04:49:18Z] experiment: exp1 PMIC path instrumentation
[2026-03-09T04:49:18Z] doc: docs/pmic-followup-experiments.md
[2026-03-09T04:49:18Z] kernel tree: /home/lhl/.cache/paru/clone/linux-mainline/src/linux-mainline
[2026-03-09T04:49:18Z] baseline profile: candidate
[2026-03-09T04:49:18Z] patch: /home/lhl/github/lhl/msi-prestige13-a2vm-webcam/reference/patches/ms13q3-int3472-tps68470-v1.patch
[2026-03-09T04:49:18Z] module release: 7.0.0-rc2-1-mainline-dirty
[2026-03-09T04:49:18Z] build jobs: 8
[2026-03-09T04:49:18Z] dry-run: 0
[2026-03-09T04:49:18Z] build directories:
[2026-03-09T04:49:18Z]   - drivers/platform/x86/intel/int3472
[2026-03-09T04:49:18Z]   - drivers/media/pci/intel
[2026-03-09T04:49:18Z]   - drivers/media/i2c
[2026-03-09T04:49:18Z]   - drivers/media/v4l2-core
[2026-03-09T04:49:18Z]   - drivers/clk
[2026-03-09T04:49:18Z]   - drivers/regulator
[2026-03-09T04:49:18Z] module installs:
[2026-03-09T04:49:18Z]   - drivers/platform/x86/intel/int3472/intel_skl_int3472_tps68470.ko:kernel/drivers/platform/x86/intel/int3472/intel_skl_int3472_tps68470.ko.zst
[2026-03-09T04:49:18Z]   - drivers/media/pci/intel/ipu-bridge.ko:kernel/drivers/media/pci/intel/ipu-bridge.ko.zst
[2026-03-09T04:49:18Z]   - drivers/media/i2c/ov5675.ko:kernel/drivers/media/i2c/ov5675.ko.zst
[2026-03-09T04:49:18Z]   - drivers/media/v4l2-core/videodev.ko:kernel/drivers/media/v4l2-core/videodev.ko.zst
[2026-03-09T04:49:18Z]   - drivers/clk/clk-tps68470.ko:kernel/drivers/clk/clk-tps68470.ko.zst
[2026-03-09T04:49:18Z]   - drivers/regulator/tps68470-regulator.ko:kernel/drivers/regulator/tps68470-regulator.ko.zst
[2026-03-09T04:49:18Z] CMD: git -C /home/lhl/.cache/paru/clone/linux-mainline/src/linux-mainline status --short
 M drivers/media/i2c/ov5675.c
 M drivers/media/pci/intel/ipu-bridge.c
 M drivers/platform/x86/intel/int3472/tps68470_board_data.c
?? drivers/media/i2c/ov5675.c.orig
?? drivers/media/pci/intel/ipu-bridge.c.orig
?? localversion.10-pkgrel
?? localversion.20-pkgname
?? version
[2026-03-09T04:49:18Z] CMD: /home/lhl/github/lhl/msi-prestige13-a2vm-webcam/scripts/patch-kernel.sh --kernel-tree /home/lhl/.cache/paru/clone/linux-mainline/src/linux-mainline --profile candidate --status
note: kernel tree is already dirty; patch state will be checked file-by-file
Kernel tree: /home/lhl/.cache/paru/clone/linux-mainline/src/linux-mainline
Profile: candidate

STATE        PATCH                        TIER       FILE
applied      ms13q3-board-data            tested     /home/lhl/github/lhl/msi-prestige13-a2vm-webcam/reference/patches/ms13q3-int3472-tps68470-v1.patch
applied      ipu-bridge-ovti5675          tested     /home/lhl/github/lhl/msi-prestige13-a2vm-webcam/reference/patches/ipu-bridge-ovti5675-v1.patch
applied      ov5675-serial-power-on       tested     /home/lhl/github/lhl/msi-prestige13-a2vm-webcam/reference/patches/ov5675-serial-power-on-v1.patch
applied      ov5675-powerdown-followup    candidate  /home/lhl/github/lhl/msi-prestige13-a2vm-webcam/reference/patches/ov5675-powerdown-followup-v1.patch
applied      ov5675-identify-debug        candidate  /home/lhl/github/lhl/msi-prestige13-a2vm-webcam/reference/patches/ov5675-identify-debug-v1.patch
applied      ov5675-gpio-release-sequencing-debug candidate  /home/lhl/github/lhl/msi-prestige13-a2vm-webcam/reference/patches/ov5675-gpio-release-sequencing-debug-v1.patch
[2026-03-09T04:49:27Z] CMD: /home/lhl/github/lhl/msi-prestige13-a2vm-webcam/scripts/patch-kernel.sh --kernel-tree /home/lhl/.cache/paru/clone/linux-mainline/src/linux-mainline --profile candidate
note: kernel tree is already dirty; patch state will be checked file-by-file
[skip]  ms13q3-board-data already applied
[skip]  ipu-bridge-ovti5675 already applied
[skip]  ov5675-serial-power-on already applied
[skip]  ov5675-powerdown-followup already applied
[skip]  ov5675-identify-debug already applied
[skip]  ov5675-gpio-release-sequencing-debug already applied

Applied: 0
Skipped: 6
Conflicts: 0
[2026-03-09T04:49:27Z] experiment patch already applied: /home/lhl/github/lhl/msi-prestige13-a2vm-webcam/reference/patches/ms13q3-int3472-tps68470-v1.patch
[2026-03-09T04:49:27Z] CMD: make -C /home/lhl/.cache/paru/clone/linux-mainline/src/linux-mainline -j 8 M=drivers/platform/x86/intel/int3472 modules
make: Entering directory '/home/lhl/.cache/paru/clone/linux-mainline/src/linux-mainline'
make[1]: Entering directory '/home/lhl/.cache/paru/clone/linux-mainline/src/linux-mainline/drivers/platform/x86/intel/int3472'
make[1]: Leaving directory '/home/lhl/.cache/paru/clone/linux-mainline/src/linux-mainline/drivers/platform/x86/intel/int3472'
make: Leaving directory '/home/lhl/.cache/paru/clone/linux-mainline/src/linux-mainline'
[2026-03-09T04:49:28Z] CMD: make -C /home/lhl/.cache/paru/clone/linux-mainline/src/linux-mainline -j 8 M=drivers/media/pci/intel modules
make: Entering directory '/home/lhl/.cache/paru/clone/linux-mainline/src/linux-mainline'
make[1]: Entering directory '/home/lhl/.cache/paru/clone/linux-mainline/src/linux-mainline/drivers/media/pci/intel'
make[1]: Leaving directory '/home/lhl/.cache/paru/clone/linux-mainline/src/linux-mainline/drivers/media/pci/intel'
make: Leaving directory '/home/lhl/.cache/paru/clone/linux-mainline/src/linux-mainline'
[2026-03-09T04:49:29Z] CMD: make -C /home/lhl/.cache/paru/clone/linux-mainline/src/linux-mainline -j 8 M=drivers/media/i2c modules
make: Entering directory '/home/lhl/.cache/paru/clone/linux-mainline/src/linux-mainline'
make[1]: Entering directory '/home/lhl/.cache/paru/clone/linux-mainline/src/linux-mainline/drivers/media/i2c'
make[1]: Leaving directory '/home/lhl/.cache/paru/clone/linux-mainline/src/linux-mainline/drivers/media/i2c'
make: Leaving directory '/home/lhl/.cache/paru/clone/linux-mainline/src/linux-mainline'
[2026-03-09T04:49:30Z] CMD: make -C /home/lhl/.cache/paru/clone/linux-mainline/src/linux-mainline -j 8 M=drivers/media/v4l2-core modules
make: Entering directory '/home/lhl/.cache/paru/clone/linux-mainline/src/linux-mainline'
make[1]: Entering directory '/home/lhl/.cache/paru/clone/linux-mainline/src/linux-mainline/drivers/media/v4l2-core'
make[1]: Leaving directory '/home/lhl/.cache/paru/clone/linux-mainline/src/linux-mainline/drivers/media/v4l2-core'
make: Leaving directory '/home/lhl/.cache/paru/clone/linux-mainline/src/linux-mainline'
[2026-03-09T04:49:31Z] CMD: make -C /home/lhl/.cache/paru/clone/linux-mainline/src/linux-mainline -j 8 M=drivers/clk modules
make: Entering directory '/home/lhl/.cache/paru/clone/linux-mainline/src/linux-mainline'
make[1]: Entering directory '/home/lhl/.cache/paru/clone/linux-mainline/src/linux-mainline/drivers/clk'
make[1]: Leaving directory '/home/lhl/.cache/paru/clone/linux-mainline/src/linux-mainline/drivers/clk'
make: Leaving directory '/home/lhl/.cache/paru/clone/linux-mainline/src/linux-mainline'
[2026-03-09T04:49:32Z] CMD: make -C /home/lhl/.cache/paru/clone/linux-mainline/src/linux-mainline -j 8 M=drivers/regulator modules
make: Entering directory '/home/lhl/.cache/paru/clone/linux-mainline/src/linux-mainline'
make[1]: Entering directory '/home/lhl/.cache/paru/clone/linux-mainline/src/linux-mainline/drivers/regulator'
make[1]: Leaving directory '/home/lhl/.cache/paru/clone/linux-mainline/src/linux-mainline/drivers/regulator'
make: Leaving directory '/home/lhl/.cache/paru/clone/linux-mainline/src/linux-mainline'
[2026-03-09T04:49:33Z] CMD: zstd -T0 -f /home/lhl/.cache/paru/clone/linux-mainline/src/linux-mainline/drivers/platform/x86/intel/int3472/intel_skl_int3472_tps68470.ko -o /tmp/intel_skl_int3472_tps68470.58GPCr.ko.zst
/home/lhl/.cache/paru/clone/linux-mainline/src/linux-mainline/drivers/platform/x86/intel/int3472/intel_skl_int3472_tps68470.ko : 31.10%   (   498 KiB =>    155 KiB, /tmp/intel_skl_int3472_tps68470.58GPCr.ko.zst) 
[2026-03-09T04:49:33Z] CMD: as_root install -Dm644 /tmp/intel_skl_int3472_tps68470.58GPCr.ko.zst /usr/lib/modules/7.0.0-rc2-1-mainline-dirty/kernel/drivers/platform/x86/intel/int3472/intel_skl_int3472_tps68470.ko.zst
[2026-03-09T04:49:33Z] CMD: zstd -T0 -f /home/lhl/.cache/paru/clone/linux-mainline/src/linux-mainline/drivers/media/pci/intel/ipu-bridge.ko -o /tmp/ipu-bridge.ywRoHM.ko.zst
/home/lhl/.cache/paru/clone/linux-mainline/src/linux-mainline/drivers/media/pci/intel/ipu-bridge.ko : 32.22%   (   519 KiB =>    167 KiB, /tmp/ipu-bridge.ywRoHM.ko.zst) 
[2026-03-09T04:49:33Z] CMD: as_root install -Dm644 /tmp/ipu-bridge.ywRoHM.ko.zst /usr/lib/modules/7.0.0-rc2-1-mainline-dirty/kernel/drivers/media/pci/intel/ipu-bridge.ko.zst
[2026-03-09T04:49:33Z] CMD: zstd -T0 -f /home/lhl/.cache/paru/clone/linux-mainline/src/linux-mainline/drivers/media/i2c/ov5675.ko -o /tmp/ov5675.u12g19.ko.zst
/home/lhl/.cache/paru/clone/linux-mainline/src/linux-mainline/drivers/media/i2c/ov5675.ko : 31.12%   (   664 KiB =>    207 KiB, /tmp/ov5675.u12g19.ko.zst) 
[2026-03-09T04:49:33Z] CMD: as_root install -Dm644 /tmp/ov5675.u12g19.ko.zst /usr/lib/modules/7.0.0-rc2-1-mainline-dirty/kernel/drivers/media/i2c/ov5675.ko.zst
[2026-03-09T04:49:33Z] CMD: zstd -T0 -f /home/lhl/.cache/paru/clone/linux-mainline/src/linux-mainline/drivers/media/v4l2-core/videodev.ko -o /tmp/videodev.hIGjjS.ko.zst
/home/lhl/.cache/paru/clone/linux-mainline/src/linux-mainline/drivers/media/v4l2-core/videodev.ko : 25.35%   (  6.78 MiB =>   1.72 MiB, /tmp/videodev.hIGjjS.ko.zst) 
[2026-03-09T04:49:33Z] CMD: as_root install -Dm644 /tmp/videodev.hIGjjS.ko.zst /usr/lib/modules/7.0.0-rc2-1-mainline-dirty/kernel/drivers/media/v4l2-core/videodev.ko.zst
[2026-03-09T04:49:33Z] CMD: zstd -T0 -f /home/lhl/.cache/paru/clone/linux-mainline/src/linux-mainline/drivers/clk/clk-tps68470.ko -o /tmp/clk-tps68470.asP6CF.ko.zst
/home/lhl/.cache/paru/clone/linux-mainline/src/linux-mainline/drivers/clk/clk-tps68470.ko : 30.32%   (   362 KiB =>    110 KiB, /tmp/clk-tps68470.asP6CF.ko.zst) 
[2026-03-09T04:49:33Z] CMD: as_root install -Dm644 /tmp/clk-tps68470.asP6CF.ko.zst /usr/lib/modules/7.0.0-rc2-1-mainline-dirty/kernel/drivers/clk/clk-tps68470.ko.zst
[2026-03-09T04:49:33Z] CMD: zstd -T0 -f /home/lhl/.cache/paru/clone/linux-mainline/src/linux-mainline/drivers/regulator/tps68470-regulator.ko -o /tmp/tps68470-regulator.PDOXmd.ko.zst
/home/lhl/.cache/paru/clone/linux-mainline/src/linux-mainline/drivers/regulator/tps68470-regulator.ko : 31.02%   (   433 KiB =>    134 KiB, /tmp/tps68470-regulator.PDOXmd.ko.zst) 
[2026-03-09T04:49:33Z] CMD: as_root install -Dm644 /tmp/tps68470-regulator.PDOXmd.ko.zst /usr/lib/modules/7.0.0-rc2-1-mainline-dirty/kernel/drivers/regulator/tps68470-regulator.ko.zst
[2026-03-09T04:49:33Z] CMD: as_root depmod -a 7.0.0-rc2-1-mainline-dirty
[2026-03-09T04:49:34Z] update log directory: /home/lhl/github/lhl/msi-prestige13-a2vm-webcam/runs/2026-03-09/20260309T134918-pmic-instrumentation-update
[2026-03-09T04:49:34Z] next step after reboot: scripts/exp1-pmic-instrumentation-verify.sh
[2026-03-09T04:49:43Z] reboot confirmed by user
