[2026-03-10T18:39:55Z] experiment: exp12 MS-13Q3 daisy-chain cross-check (Antti-inspired)
[2026-03-10T18:39:55Z] doc: docs/pmic-followup-experiments.md
[2026-03-10T18:39:55Z] kernel tree: /home/lhl/.cache/paru/clone/linux-mainline/src/linux-mainline
[2026-03-10T18:39:55Z] baseline profile: candidate
[2026-03-10T18:39:55Z] patch: /home/lhl/github/lhl/msi-prestige13-a2vm-webcam/reference/patches/ms13q3-daisy-chain-crosscheck-v1.patch
[2026-03-10T18:39:55Z] module release: 7.0.0-rc2-1-mainline-dirty
[2026-03-10T18:39:55Z] build jobs: 8
[2026-03-10T18:39:55Z] dry-run: 1
[2026-03-10T18:39:55Z] build directories:
[2026-03-10T18:39:55Z]   - drivers/platform/x86/intel/int3472
[2026-03-10T18:39:55Z]   - drivers/media/pci/intel
[2026-03-10T18:39:55Z]   - drivers/media/i2c
[2026-03-10T18:39:55Z]   - drivers/gpio
[2026-03-10T18:39:55Z] module installs:
[2026-03-10T18:39:55Z]   - drivers/platform/x86/intel/int3472/intel_skl_int3472_tps68470.ko:kernel/drivers/platform/x86/intel/int3472/intel_skl_int3472_tps68470.ko.zst
[2026-03-10T18:39:55Z]   - drivers/media/pci/intel/ipu-bridge.ko:kernel/drivers/media/pci/intel/ipu-bridge.ko.zst
[2026-03-10T18:39:55Z]   - drivers/media/i2c/ov5675.ko:kernel/drivers/media/i2c/ov5675.ko.zst
[2026-03-10T18:39:55Z]   - drivers/gpio/gpio-tps68470.ko:kernel/drivers/gpio/gpio-tps68470.ko.zst
[2026-03-10T18:39:55Z] resetting experiment-touched files back to kernel HEAD before baseline reapply
[2026-03-10T18:39:55Z] CMD: git -C /home/lhl/.cache/paru/clone/linux-mainline/src/linux-mainline checkout -- drivers/media/v4l2-core/v4l2-common.c drivers/clk/clk-tps68470.c drivers/regulator/tps68470-regulator.c drivers/platform/x86/intel/int3472/tps68470_board_data.c include/linux/platform_data/tps68470.h drivers/gpio/gpio-tps68470.c drivers/platform/x86/intel/int3472/tps68470.c drivers/platform/x86/intel/int3472/tps68470.h
DRY_RUN: skipped
[2026-03-10T18:39:55Z] CMD: git -C /home/lhl/.cache/paru/clone/linux-mainline/src/linux-mainline status --short
DRY_RUN: skipped
[2026-03-10T18:39:55Z] CMD: /home/lhl/github/lhl/msi-prestige13-a2vm-webcam/scripts/patch-kernel.sh --kernel-tree /home/lhl/.cache/paru/clone/linux-mainline/src/linux-mainline --profile candidate --status
DRY_RUN: skipped
[2026-03-10T18:39:55Z] CMD: /home/lhl/github/lhl/msi-prestige13-a2vm-webcam/scripts/patch-kernel.sh --kernel-tree /home/lhl/.cache/paru/clone/linux-mainline/src/linux-mainline --profile candidate
DRY_RUN: skipped
[2026-03-10T18:39:55Z] CMD: git -C /home/lhl/.cache/paru/clone/linux-mainline/src/linux-mainline apply /home/lhl/github/lhl/msi-prestige13-a2vm-webcam/reference/patches/ms13q3-daisy-chain-crosscheck-v1.patch
DRY_RUN: skipped
[2026-03-10T18:39:55Z] CMD: make -C /home/lhl/.cache/paru/clone/linux-mainline/src/linux-mainline -j 8 M=drivers/platform/x86/intel/int3472 modules
DRY_RUN: skipped
[2026-03-10T18:39:55Z] CMD: make -C /home/lhl/.cache/paru/clone/linux-mainline/src/linux-mainline -j 8 M=drivers/media/pci/intel modules
DRY_RUN: skipped
[2026-03-10T18:39:55Z] CMD: make -C /home/lhl/.cache/paru/clone/linux-mainline/src/linux-mainline -j 8 M=drivers/media/i2c modules
DRY_RUN: skipped
[2026-03-10T18:39:55Z] CMD: make -C /home/lhl/.cache/paru/clone/linux-mainline/src/linux-mainline -j 8 M=drivers/gpio modules
DRY_RUN: skipped
[2026-03-10T18:39:56Z] CMD: zstd -T0 -f /home/lhl/.cache/paru/clone/linux-mainline/src/linux-mainline/drivers/platform/x86/intel/int3472/intel_skl_int3472_tps68470.ko -o /home/lhl/github/lhl/msi-prestige13-a2vm-webcam/.tmp/intel_skl_int3472_tps68470.dry-run.ko.zst
DRY_RUN: skipped
[2026-03-10T18:39:56Z] CMD: as_root install -Dm644 /home/lhl/github/lhl/msi-prestige13-a2vm-webcam/.tmp/intel_skl_int3472_tps68470.dry-run.ko.zst /usr/lib/modules/7.0.0-rc2-1-mainline-dirty/kernel/drivers/platform/x86/intel/int3472/intel_skl_int3472_tps68470.ko.zst
DRY_RUN: skipped
[2026-03-10T18:39:56Z] CMD: zstd -T0 -f /home/lhl/.cache/paru/clone/linux-mainline/src/linux-mainline/drivers/media/pci/intel/ipu-bridge.ko -o /home/lhl/github/lhl/msi-prestige13-a2vm-webcam/.tmp/ipu-bridge.dry-run.ko.zst
DRY_RUN: skipped
[2026-03-10T18:39:56Z] CMD: as_root install -Dm644 /home/lhl/github/lhl/msi-prestige13-a2vm-webcam/.tmp/ipu-bridge.dry-run.ko.zst /usr/lib/modules/7.0.0-rc2-1-mainline-dirty/kernel/drivers/media/pci/intel/ipu-bridge.ko.zst
DRY_RUN: skipped
[2026-03-10T18:39:56Z] CMD: zstd -T0 -f /home/lhl/.cache/paru/clone/linux-mainline/src/linux-mainline/drivers/media/i2c/ov5675.ko -o /home/lhl/github/lhl/msi-prestige13-a2vm-webcam/.tmp/ov5675.dry-run.ko.zst
DRY_RUN: skipped
[2026-03-10T18:39:56Z] CMD: as_root install -Dm644 /home/lhl/github/lhl/msi-prestige13-a2vm-webcam/.tmp/ov5675.dry-run.ko.zst /usr/lib/modules/7.0.0-rc2-1-mainline-dirty/kernel/drivers/media/i2c/ov5675.ko.zst
DRY_RUN: skipped
[2026-03-10T18:39:56Z] CMD: zstd -T0 -f /home/lhl/.cache/paru/clone/linux-mainline/src/linux-mainline/drivers/gpio/gpio-tps68470.ko -o /home/lhl/github/lhl/msi-prestige13-a2vm-webcam/.tmp/gpio-tps68470.dry-run.ko.zst
DRY_RUN: skipped
[2026-03-10T18:39:56Z] CMD: as_root install -Dm644 /home/lhl/github/lhl/msi-prestige13-a2vm-webcam/.tmp/gpio-tps68470.dry-run.ko.zst /usr/lib/modules/7.0.0-rc2-1-mainline-dirty/kernel/drivers/gpio/gpio-tps68470.ko.zst
DRY_RUN: skipped
[2026-03-10T18:39:56Z] CMD: as_root depmod -a 7.0.0-rc2-1-mainline-dirty
DRY_RUN: skipped
[2026-03-10T18:39:56Z] update log directory: /home/lhl/github/lhl/msi-prestige13-a2vm-webcam/runs/2026-03-11/20260311T033955-ms13q3-daisy-chain-crosscheck-update
[2026-03-10T18:39:56Z] next step after reboot: scripts/exp12-ms13q3-daisy-chain-crosscheck-verify.sh
[2026-03-10T18:39:56Z] dry-run active; reboot skipped
