[2026-03-09T04:48:03Z] experiment: exp1 PMIC path instrumentation
[2026-03-09T04:48:03Z] doc: docs/pmic-followup-experiments.md
[2026-03-09T04:48:03Z] kernel tree: /home/lhl/.cache/paru/clone/linux-mainline/src/linux-mainline
[2026-03-09T04:48:03Z] baseline profile: candidate
[2026-03-09T04:48:03Z] patch: /home/lhl/github/lhl/msi-prestige13-a2vm-webcam/reference/patches/ms13q3-int3472-tps68470-v1.patch
[2026-03-09T04:48:03Z] module release: 7.0.0-rc2-1-mainline-dirty
[2026-03-09T04:48:03Z] build jobs: 8
[2026-03-09T04:48:03Z] dry-run: 0
[2026-03-09T04:48:03Z] build directories:
[2026-03-09T04:48:03Z]   - drivers/platform/x86/intel/int3472
[2026-03-09T04:48:03Z]   - drivers/media/pci/intel
[2026-03-09T04:48:03Z]   - drivers/media/i2c
[2026-03-09T04:48:03Z]   - drivers/media/v4l2-core
[2026-03-09T04:48:03Z]   - drivers/clk
[2026-03-09T04:48:03Z]   - drivers/regulator
[2026-03-09T04:48:03Z] module installs:
[2026-03-09T04:48:03Z]   - drivers/platform/x86/intel/int3472/intel_skl_int3472_tps68470.ko:kernel/drivers/platform/x86/intel/int3472/intel_skl_int3472_tps68470.ko.zst
[2026-03-09T04:48:03Z]   - drivers/media/pci/intel/ipu-bridge.ko:kernel/drivers/media/pci/intel/ipu-bridge.ko.zst
[2026-03-09T04:48:03Z]   - drivers/media/i2c/ov5675.ko:kernel/drivers/media/i2c/ov5675.ko.zst
[2026-03-09T04:48:03Z]   - drivers/media/v4l2-core/videodev.ko:kernel/drivers/media/v4l2-core/videodev.ko.zst
[2026-03-09T04:48:03Z]   - drivers/clk/clk-tps68470.ko:kernel/drivers/clk/clk-tps68470.ko.zst
[2026-03-09T04:48:03Z]   - drivers/regulator/tps68470-regulator.ko:kernel/drivers/regulator/tps68470-regulator.ko.zst
[2026-03-09T04:48:03Z] CMD: git -C /home/lhl/.cache/paru/clone/linux-mainline/src/linux-mainline status --short
 M drivers/media/i2c/ov5675.c
 M drivers/media/pci/intel/ipu-bridge.c
 M drivers/platform/x86/intel/int3472/tps68470_board_data.c
?? drivers/media/i2c/ov5675.c.orig
?? drivers/media/pci/intel/ipu-bridge.c.orig
?? localversion.10-pkgrel
?? localversion.20-pkgname
?? version
[2026-03-09T04:48:03Z] CMD: /home/lhl/github/lhl/msi-prestige13-a2vm-webcam/scripts/patch-kernel.sh --kernel-tree /home/lhl/.cache/paru/clone/linux-mainline/src/linux-mainline --profile candidate --status
note: kernel tree is already dirty; patch state will be checked file-by-file
Kernel tree: /home/lhl/.cache/paru/clone/linux-mainline/src/linux-mainline
Profile: candidate

STATE        PATCH                        TIER       FILE
applied      ms13q3-board-data            tested     /home/lhl/github/lhl/msi-prestige13-a2vm-webcam/reference/patches/ms13q3-int3472-tps68470-v1.patch
applied      ipu-bridge-ovti5675          tested     /home/lhl/github/lhl/msi-prestige13-a2vm-webcam/reference/patches/ipu-bridge-ovti5675-v1.patch
applied      ov5675-serial-power-on       tested     /home/lhl/github/lhl/msi-prestige13-a2vm-webcam/reference/patches/ov5675-serial-power-on-v1.patch
applied      ov5675-powerdown-followup    candidate  /home/lhl/github/lhl/msi-prestige13-a2vm-webcam/reference/patches/ov5675-powerdown-followup-v1.patch
applied      ov5675-identify-debug        candidate  /home/lhl/github/lhl/msi-prestige13-a2vm-webcam/reference/patches/ov5675-identify-debug-v1.patch
applied      ov5675-gpio-release-sequencing-debug candidate  /home/lhl/github/lhl/msi-prestige13-a2vm-webcam/reference/patches/ov5675-gpio-release-sequencing-debug-v1.patch
[2026-03-09T04:48:15Z] CMD: /home/lhl/github/lhl/msi-prestige13-a2vm-webcam/scripts/patch-kernel.sh --kernel-tree /home/lhl/.cache/paru/clone/linux-mainline/src/linux-mainline --profile candidate
note: kernel tree is already dirty; patch state will be checked file-by-file
[skip]  ms13q3-board-data already applied
[skip]  ipu-bridge-ovti5675 already applied
[skip]  ov5675-serial-power-on already applied
[skip]  ov5675-powerdown-followup already applied
[skip]  ov5675-identify-debug already applied
[skip]  ov5675-gpio-release-sequencing-debug already applied

Applied: 0
Skipped: 6
Conflicts: 0
[2026-03-09T04:48:15Z] experiment patch already applied: /home/lhl/github/lhl/msi-prestige13-a2vm-webcam/reference/patches/ms13q3-int3472-tps68470-v1.patch
[2026-03-09T04:48:15Z] CMD: make -C /home/lhl/.cache/paru/clone/linux-mainline/src/linux-mainline -j 8 M=drivers/platform/x86/intel/int3472 modules
make: Entering directory '/home/lhl/.cache/paru/clone/linux-mainline/src/linux-mainline'
make[1]: Entering directory '/home/lhl/.cache/paru/clone/linux-mainline/src/linux-mainline/drivers/platform/x86/intel/int3472'
  CC [M]  discrete.o
  CC [M]  discrete_quirks.o
  CC [M]  clk_and_regulator.o
  CC [M]  led.o
  CC [M]  tps68470.o
  CC [M]  tps68470_board_data.o
  CC [M]  common.o
  LD [M]  intel_skl_int3472_common.o
  LD [M]  intel_skl_int3472_tps68470.o
  LD [M]  intel_skl_int3472_discrete.o
  MODPOST Module.symvers
  LD [M]  intel_skl_int3472_discrete.ko
  CC [M]  intel_skl_int3472_tps68470.mod.o
  LD [M]  intel_skl_int3472_common.ko
  BTF [M] intel_skl_int3472_common.ko
  BTF [M] intel_skl_int3472_discrete.ko
  LD [M]  intel_skl_int3472_tps68470.ko
  BTF [M] intel_skl_int3472_tps68470.ko
make[1]: Leaving directory '/home/lhl/.cache/paru/clone/linux-mainline/src/linux-mainline/drivers/platform/x86/intel/int3472'
make: Leaving directory '/home/lhl/.cache/paru/clone/linux-mainline/src/linux-mainline'
[2026-03-09T04:48:17Z] CMD: make -C /home/lhl/.cache/paru/clone/linux-mainline/src/linux-mainline -j 8 M=drivers/media/pci/intel modules
make: Entering directory '/home/lhl/.cache/paru/clone/linux-mainline/src/linux-mainline'
make[1]: Entering directory '/home/lhl/.cache/paru/clone/linux-mainline/src/linux-mainline/drivers/media/pci/intel'
  CC [M]  ipu-bridge.o
  CC [M]  ipu3/ipu3-cio2.o
  CC [M]  ivsc/mei_csi.o
  CC [M]  ivsc/mei_ace.o
  CC [M]  ipu6/ipu6.o
  CC [M]  ipu6/ipu6-bus.o
  CC [M]  ipu6/ipu6-dma.o
  CC [M]  ipu6/ipu6-mmu.o
  LD [M]  ivsc/ivsc-ace.o
  CC [M]  ipu6/ipu6-buttress.o
  CC [M]  ipu6/ipu6-cpd.o
  CC [M]  ipu6/ipu6-fw-com.o
  LD [M]  ivsc/ivsc-csi.o
  CC [M]  ipu6/ipu6-isys.o
  CC [M]  ipu6/ipu6-isys-csi2.o
  CC [M]  ipu6/ipu6-fw-isys.o
  CC [M]  ipu6/ipu6-isys-video.o
  CC [M]  ipu6/ipu6-isys-queue.o
  CC [M]  ipu6/ipu6-isys-subdev.o
  CC [M]  ipu6/ipu6-isys-mcd-phy.o
  CC [M]  ipu6/ipu6-isys-jsl-phy.o
  CC [M]  ipu6/ipu6-isys-dwc-phy.o
  LD [M]  ipu6/intel-ipu6.o
  LD [M]  ipu6/intel-ipu6-isys.o
  MODPOST Module.symvers
  LD [M]  ipu3/ipu3-cio2.ko
  LD [M]  ivsc/ivsc-csi.ko
  LD [M]  ivsc/ivsc-ace.ko
  LD [M]  ipu-bridge.ko
  LD [M]  ipu6/intel-ipu6.ko
  LD [M]  ipu6/intel-ipu6-isys.ko
  BTF [M] ipu-bridge.ko
  BTF [M] ipu6/intel-ipu6.ko
  BTF [M] ivsc/ivsc-ace.ko
  BTF [M] ipu6/intel-ipu6-isys.ko
  BTF [M] ipu3/ipu3-cio2.ko
  BTF [M] ivsc/ivsc-csi.ko
make[1]: Leaving directory '/home/lhl/.cache/paru/clone/linux-mainline/src/linux-mainline/drivers/media/pci/intel'
make: Leaving directory '/home/lhl/.cache/paru/clone/linux-mainline/src/linux-mainline'
[2026-03-09T04:48:21Z] CMD: make -C /home/lhl/.cache/paru/clone/linux-mainline/src/linux-mainline -j 8 M=drivers/media/i2c modules
make: Entering directory '/home/lhl/.cache/paru/clone/linux-mainline/src/linux-mainline'
make[1]: Entering directory '/home/lhl/.cache/paru/clone/linux-mainline/src/linux-mainline/drivers/media/i2c'
make[1]: Leaving directory '/home/lhl/.cache/paru/clone/linux-mainline/src/linux-mainline/drivers/media/i2c'
make: Leaving directory '/home/lhl/.cache/paru/clone/linux-mainline/src/linux-mainline'
[2026-03-09T04:48:22Z] CMD: make -C /home/lhl/.cache/paru/clone/linux-mainline/src/linux-mainline -j 8 M=drivers/media/v4l2-core modules
make: Entering directory '/home/lhl/.cache/paru/clone/linux-mainline/src/linux-mainline'
make[1]: Entering directory '/home/lhl/.cache/paru/clone/linux-mainline/src/linux-mainline/drivers/media/v4l2-core'
  CC [M]  v4l2-async.o
  CC [M]  v4l2-cci.o
  CC [M]  v4l2-flash-led-class.o
  CC [M]  v4l2-fwnode.o
  CC [M]  v4l2-mem2mem.o
  CC [M]  tuner-core.o
  CC [M]  v4l2-dv-timings.o
  CC [M]  v4l2-dev.o
  CC [M]  v4l2-ioctl.o
  CC [M]  v4l2-device.o
  CC [M]  v4l2-fh.o
  CC [M]  v4l2-event.o
  CC [M]  v4l2-subdev.o
  CC [M]  v4l2-common.o
  CC [M]  v4l2-ctrls-core.o
  CC [M]  v4l2-ctrls-api.o
  CC [M]  v4l2-ctrls-request.o
  CC [M]  v4l2-ctrls-defs.o
  CC [M]  v4l2-compat-ioctl32.o
  CC [M]  v4l2-mc.o
  CC [M]  v4l2-spi.o
  CC [M]  v4l2-trace.o
  CC [M]  v4l2-i2c.o
  LD [M]  tuner.o
  LD [M]  videodev.o
  MODPOST Module.symvers
  CC [M]  v4l2-async.mod.o
  CC [M]  .module-common.o
  CC [M]  v4l2-cci.mod.o
  CC [M]  v4l2-flash-led-class.mod.o
  CC [M]  v4l2-fwnode.mod.o
  CC [M]  tuner.mod.o
  CC [M]  v4l2-mem2mem.mod.o
  CC [M]  v4l2-dv-timings.mod.o
  CC [M]  videodev.mod.o
  LD [M]  v4l2-flash-led-class.ko
  LD [M]  v4l2-fwnode.ko
  BTF [M] v4l2-flash-led-class.ko
  BTF [M] v4l2-fwnode.ko
  LD [M]  v4l2-cci.ko
  BTF [M] v4l2-cci.ko
  LD [M]  v4l2-async.ko
  LD [M]  v4l2-mem2mem.ko
  BTF [M] v4l2-mem2mem.ko
  BTF [M] v4l2-async.ko
  LD [M]  tuner.ko
  LD [M]  v4l2-dv-timings.ko
  BTF [M] v4l2-dv-timings.ko
  BTF [M] tuner.ko
  LD [M]  videodev.ko
  BTF [M] videodev.ko
make[1]: Leaving directory '/home/lhl/.cache/paru/clone/linux-mainline/src/linux-mainline/drivers/media/v4l2-core'
make: Leaving directory '/home/lhl/.cache/paru/clone/linux-mainline/src/linux-mainline'
[2026-03-09T04:48:28Z] CMD: make -C /home/lhl/.cache/paru/clone/linux-mainline/src/linux-mainline -j 8 M=drivers/clk modules
make: Entering directory '/home/lhl/.cache/paru/clone/linux-mainline/src/linux-mainline'
make[1]: Entering directory '/home/lhl/.cache/paru/clone/linux-mainline/src/linux-mainline/drivers/clk'
  CC [M]  clk-cdce706.o
  CC [M]  clk-cs2000-cp.o
  CC [M]  clk-lmk04832.o
  CC [M]  clk-max9485.o
  CC [M]  clk-palmas.o
  CC [M]  clk-pwm.o
  CC [M]  clk-si5341.o
  CC [M]  clk-si5351.o
  CC [M]  clk-si544.o
  CC [M]  clk-tps68470.o
  CC [M]  clk-twl6040.o
  CC [M]  clk-twl.o
  CC [M]  clk-wm831x.o
  CC [M]  xilinx/xlnx_vcu.o
  MODPOST Module.symvers
  CC [M]  xilinx/xlnx_vcu.mod.o
  CC [M]  .module-common.o
  CC [M]  clk-cdce706.mod.o
  CC [M]  clk-cs2000-cp.mod.o
  CC [M]  clk-lmk04832.mod.o
  CC [M]  clk-max9485.mod.o
  CC [M]  clk-palmas.mod.o
  CC [M]  clk-pwm.mod.o
  CC [M]  clk-si5341.mod.o
  CC [M]  clk-si5351.mod.o
  CC [M]  clk-si544.mod.o
  CC [M]  clk-tps68470.mod.o
  CC [M]  clk-twl6040.mod.o
  CC [M]  clk-twl.mod.o
  CC [M]  clk-wm831x.mod.o
  LD [M]  xilinx/xlnx_vcu.ko
  BTF [M] xilinx/xlnx_vcu.ko
  LD [M]  clk-cdce706.ko
  LD [M]  clk-cs2000-cp.ko
  LD [M]  clk-lmk04832.ko
  BTF [M] clk-cdce706.ko
  LD [M]  clk-max9485.ko
  BTF [M] clk-max9485.ko
  BTF [M] clk-lmk04832.ko
  BTF [M] clk-cs2000-cp.ko
  LD [M]  clk-palmas.ko
  BTF [M] clk-palmas.ko
  LD [M]  clk-pwm.ko
  LD [M]  clk-si5341.ko
  BTF [M] clk-si5341.ko
  LD [M]  clk-si5351.ko
  BTF [M] clk-si5351.ko
  BTF [M] clk-pwm.ko
  LD [M]  clk-si544.ko
  LD [M]  clk-tps68470.ko
  LD [M]  clk-twl6040.ko
  BTF [M] clk-twl6040.ko
  BTF [M] clk-tps68470.ko
  LD [M]  clk-twl.ko
  BTF [M] clk-si544.ko
  LD [M]  clk-wm831x.ko
  BTF [M] clk-twl.ko
  BTF [M] clk-wm831x.ko
make[1]: Leaving directory '/home/lhl/.cache/paru/clone/linux-mainline/src/linux-mainline/drivers/clk'
make: Leaving directory '/home/lhl/.cache/paru/clone/linux-mainline/src/linux-mainline'
[2026-03-09T04:48:32Z] CMD: make -C /home/lhl/.cache/paru/clone/linux-mainline/src/linux-mainline -j 8 M=drivers/regulator modules
make: Entering directory '/home/lhl/.cache/paru/clone/linux-mainline/src/linux-mainline'
make[1]: Entering directory '/home/lhl/.cache/paru/clone/linux-mainline/src/linux-mainline/drivers/regulator'
  CC [M]  fixed.o
  CC [M]  virtual.o
  CC [M]  userspace-consumer.o
  CC [M]  88pg86x.o
  CC [M]  88pm800-regulator.o
  CC [M]  88pm8607.o
  CC [M]  aat2870-regulator.o
  CC [M]  act8865-regulator.o
  CC [M]  ad5398.o
  CC [M]  adp5055-regulator.o
  CC [M]  arizona-ldo1.o
  CC [M]  arizona-micsupp.o
  CC [M]  as3711-regulator.o
  CC [M]  atc260x-regulator.o
  CC [M]  aw37503-regulator.o
  CC [M]  axp20x-regulator.o
  CC [M]  bcm590xx-regulator.o
  CC [M]  bd9571mwv-regulator.o
  CC [M]  bq257xx-regulator.o
  CC [M]  da903x-regulator.o
  CC [M]  da9052-regulator.o
  CC [M]  da9055-regulator.o
  CC [M]  da9062-regulator.o
  CC [M]  da9210-regulator.o
  CC [M]  da9211-regulator.o
  CC [M]  fan53555.o
  CC [M]  gpio-regulator.o
  CC [M]  isl6271a-regulator.o
  CC [M]  isl9305.o
  CC [M]  lm363x-regulator.o
  CC [M]  lp3971.o
  CC [M]  lp3972.o
  CC [M]  lp872x.o
  CC [M]  lp8788-buck.o
  CC [M]  lp8788-ldo.o
  CC [M]  lp8755.o
  CC [M]  ltc3589.o
  CC [M]  ltc3676.o
  CC [M]  max14577-regulator.o
  CC [M]  max1586.o
  CC [M]  max77503-regulator.o
  CC [M]  max77541-regulator.o
  CC [M]  max8649.o
  CC [M]  max8660.o
  CC [M]  max8893.o
  CC [M]  max8907-regulator.o
  CC [M]  max8925-regulator.o
  CC [M]  max8952.o
  CC [M]  max8997-regulator.o
  CC [M]  max8998.o
  CC [M]  max20086-regulator.o
  CC [M]  max20411-regulator.o
  CC [M]  max77693-regulator.o
  CC [M]  max77826-regulator.o
  CC [M]  max77838-regulator.o
  CC [M]  max77857-regulator.o
  CC [M]  mc13783-regulator.o
  CC [M]  mc13892-regulator.o
  CC [M]  mc13xxx-regulator-core.o
  CC [M]  mp8859.o
  CC [M]  mt6311-regulator.o
  CC [M]  mt6323-regulator.o
  CC [M]  mt6331-regulator.o
  CC [M]  mt6332-regulator.o
  CC [M]  mt6357-regulator.o
  CC [M]  mt6358-regulator.o
  CC [M]  mt6359-regulator.o
  CC [M]  mt6360-regulator.o
  CC [M]  mt6370-regulator.o
  CC [M]  mt6397-regulator.o
  CC [M]  palmas-regulator.o
  CC [M]  pca9450-regulator.o
  CC [M]  pf0900-regulator.o
  CC [M]  pf9453-regulator.o
  CC [M]  pv88060-regulator.o
  CC [M]  pv88080-regulator.o
  CC [M]  pv88090-regulator.o
  CC [M]  pwm-regulator.o
  CC [M]  tps51632-regulator.o
  CC [M]  pcap-regulator.o
  CC [M]  raa215300.o
  CC [M]  rc5t583-regulator.o
  CC [M]  rt4801-regulator.o
  CC [M]  rt4803.o
  CC [M]  rt4831-regulator.o
  CC [M]  rt5033-regulator.o
  CC [M]  rt5120-regulator.o
  CC [M]  rt5190a-regulator.o
  CC [M]  rt5739.o
  CC [M]  rt5759-regulator.o
  CC [M]  rt6160-regulator.o
  CC [M]  rt6190-regulator.o
  CC [M]  rt6245-regulator.o
  CC [M]  rtmv20-regulator.o
  CC [M]  rtq2134-regulator.o
  CC [M]  rtq6752-regulator.o
  CC [M]  rtq2208-regulator.o
  CC [M]  sky81452-regulator.o
  CC [M]  slg51000-regulator.o
  CC [M]  sy7636a-regulator.o
  CC [M]  tps6105x-regulator.o
  CC [M]  tps62360-regulator.o
  CC [M]  tps65023-regulator.o
  CC [M]  tps6507x-regulator.o
  CC [M]  tps65086-regulator.o
  CC [M]  tps65090-regulator.o
  CC [M]  tps6524x-regulator.o
  CC [M]  tps6586x-regulator.o
  CC [M]  tps65910-regulator.o
  CC [M]  tps65912-regulator.o
  CC [M]  tps65132-regulator.o
  CC [M]  tps68470-regulator.o
  CC [M]  twl-regulator.o
  CC [M]  twl6030-regulator.o
  CC [M]  wm831x-dcdc.o
  CC [M]  wm831x-isink.o
  CC [M]  wm831x-ldo.o
  CC [M]  wm8350-regulator.o
  CC [M]  wm8400-regulator.o
  CC [M]  wm8994-regulator.o
  MODPOST Module.symvers
  CC [M]  fixed.mod.o
  CC [M]  .module-common.o
  CC [M]  virtual.mod.o
  CC [M]  userspace-consumer.mod.o
  CC [M]  88pg86x.mod.o
  CC [M]  88pm800-regulator.mod.o
  CC [M]  aat2870-regulator.mod.o
  CC [M]  88pm8607.mod.o
  CC [M]  act8865-regulator.mod.o
  CC [M]  ad5398.mod.o
  CC [M]  adp5055-regulator.mod.o
  CC [M]  arizona-ldo1.mod.o
  CC [M]  arizona-micsupp.mod.o
  CC [M]  as3711-regulator.mod.o
  CC [M]  atc260x-regulator.mod.o
  CC [M]  aw37503-regulator.mod.o
  CC [M]  axp20x-regulator.mod.o
  CC [M]  bcm590xx-regulator.mod.o
  CC [M]  bd9571mwv-regulator.mod.o
  CC [M]  bq257xx-regulator.mod.o
  CC [M]  da903x-regulator.mod.o
  CC [M]  da9052-regulator.mod.o
  CC [M]  da9055-regulator.mod.o
  CC [M]  da9062-regulator.mod.o
  CC [M]  da9210-regulator.mod.o
  CC [M]  da9211-regulator.mod.o
  CC [M]  fan53555.mod.o
  CC [M]  gpio-regulator.mod.o
  CC [M]  isl6271a-regulator.mod.o
  CC [M]  isl9305.mod.o
  CC [M]  lm363x-regulator.mod.o
  CC [M]  lp3971.mod.o
  CC [M]  lp3972.mod.o
  CC [M]  lp872x.mod.o
  CC [M]  lp8788-buck.mod.o
  CC [M]  lp8788-ldo.mod.o
  CC [M]  lp8755.mod.o
  CC [M]  ltc3589.mod.o
  CC [M]  ltc3676.mod.o
  CC [M]  max14577-regulator.mod.o
  CC [M]  max1586.mod.o
  CC [M]  max77503-regulator.mod.o
  CC [M]  max77541-regulator.mod.o
  CC [M]  max8649.mod.o
  CC [M]  max8660.mod.o
  CC [M]  max8893.mod.o
  CC [M]  max8907-regulator.mod.o
  CC [M]  max8925-regulator.mod.o
  CC [M]  max8952.mod.o
  CC [M]  max8997-regulator.mod.o
  CC [M]  max8998.mod.o
  CC [M]  max20086-regulator.mod.o
  CC [M]  max20411-regulator.mod.o
  CC [M]  max77693-regulator.mod.o
  CC [M]  max77826-regulator.mod.o
  CC [M]  max77838-regulator.mod.o
  CC [M]  max77857-regulator.mod.o
  CC [M]  mc13783-regulator.mod.o
  CC [M]  mc13892-regulator.mod.o
  CC [M]  mc13xxx-regulator-core.mod.o
  CC [M]  mp8859.mod.o
  CC [M]  mt6311-regulator.mod.o
  CC [M]  mt6323-regulator.mod.o
  CC [M]  mt6331-regulator.mod.o
  CC [M]  mt6332-regulator.mod.o
  CC [M]  mt6357-regulator.mod.o
  CC [M]  mt6358-regulator.mod.o
  CC [M]  mt6359-regulator.mod.o
  CC [M]  mt6360-regulator.mod.o
  CC [M]  mt6370-regulator.mod.o
  CC [M]  mt6397-regulator.mod.o
  CC [M]  palmas-regulator.mod.o
  CC [M]  pca9450-regulator.mod.o
  CC [M]  pf0900-regulator.mod.o
  CC [M]  pf9453-regulator.mod.o
  CC [M]  pv88060-regulator.mod.o
  CC [M]  pv88080-regulator.mod.o
  CC [M]  pv88090-regulator.mod.o
  CC [M]  pwm-regulator.mod.o
  CC [M]  tps51632-regulator.mod.o
  CC [M]  pcap-regulator.mod.o
  CC [M]  raa215300.mod.o
  CC [M]  rc5t583-regulator.mod.o
  CC [M]  rt4801-regulator.mod.o
  CC [M]  rt4803.mod.o
  CC [M]  rt4831-regulator.mod.o
  CC [M]  rt5033-regulator.mod.o
  CC [M]  rt5120-regulator.mod.o
  CC [M]  rt5190a-regulator.mod.o
  CC [M]  rt5739.mod.o
  CC [M]  rt5759-regulator.mod.o
  CC [M]  rt6160-regulator.mod.o
  CC [M]  rt6190-regulator.mod.o
  CC [M]  rt6245-regulator.mod.o
  CC [M]  rtmv20-regulator.mod.o
  CC [M]  rtq2134-regulator.mod.o
  CC [M]  rtq6752-regulator.mod.o
  CC [M]  rtq2208-regulator.mod.o
  CC [M]  sky81452-regulator.mod.o
  CC [M]  slg51000-regulator.mod.o
  CC [M]  sy7636a-regulator.mod.o
  CC [M]  tps6105x-regulator.mod.o
  CC [M]  tps62360-regulator.mod.o
  CC [M]  tps65023-regulator.mod.o
  CC [M]  tps6507x-regulator.mod.o
  CC [M]  tps65086-regulator.mod.o
  CC [M]  tps65090-regulator.mod.o
  CC [M]  tps6524x-regulator.mod.o
  CC [M]  tps6586x-regulator.mod.o
  CC [M]  tps65910-regulator.mod.o
  CC [M]  tps65912-regulator.mod.o
  CC [M]  tps65132-regulator.mod.o
  CC [M]  tps68470-regulator.mod.o
  CC [M]  twl-regulator.mod.o
  CC [M]  twl6030-regulator.mod.o
  CC [M]  wm831x-dcdc.mod.o
  CC [M]  wm831x-isink.mod.o
  CC [M]  wm831x-ldo.mod.o
  CC [M]  wm8350-regulator.mod.o
  CC [M]  wm8400-regulator.mod.o
  CC [M]  wm8994-regulator.mod.o
  LD [M]  fixed.ko
  LD [M]  virtual.ko
  BTF [M] virtual.ko
  LD [M]  userspace-consumer.ko
  BTF [M] fixed.ko
  LD [M]  88pg86x.ko
  BTF [M] userspace-consumer.ko
  LD [M]  88pm800-regulator.ko
  LD [M]  88pm8607.ko
  LD [M]  aat2870-regulator.ko
  BTF [M] 88pg86x.ko
  BTF [M] 88pm8607.ko
  BTF [M] aat2870-regulator.ko
  BTF [M] 88pm800-regulator.ko
  LD [M]  act8865-regulator.ko
  LD [M]  ad5398.ko
  LD [M]  adp5055-regulator.ko
  BTF [M] act8865-regulator.ko
  BTF [M] ad5398.ko
  BTF [M] adp5055-regulator.ko
  LD [M]  arizona-ldo1.ko
  BTF [M] arizona-ldo1.ko
  LD [M]  arizona-micsupp.ko
  BTF [M] arizona-micsupp.ko
  LD [M]  as3711-regulator.ko
  BTF [M] as3711-regulator.ko
  LD [M]  atc260x-regulator.ko
  LD [M]  aw37503-regulator.ko
  LD [M]  axp20x-regulator.ko
  BTF [M] atc260x-regulator.ko
  LD [M]  bcm590xx-regulator.ko
  LD [M]  bd9571mwv-regulator.ko
  BTF [M] bcm590xx-regulator.ko
  BTF [M] aw37503-regulator.ko
  LD [M]  bq257xx-regulator.ko
  BTF [M] axp20x-regulator.ko
  BTF [M] bd9571mwv-regulator.ko
  BTF [M] bq257xx-regulator.ko
  LD [M]  da903x-regulator.ko
  LD [M]  da9052-regulator.ko
  BTF [M] da903x-regulator.ko
  LD [M]  da9055-regulator.ko
  LD [M]  da9062-regulator.ko
  BTF [M] da9062-regulator.ko
  BTF [M] da9052-regulator.ko
  LD [M]  da9210-regulator.ko
  BTF [M] da9055-regulator.ko
  BTF [M] da9210-regulator.ko
  LD [M]  da9211-regulator.ko
  LD [M]  fan53555.ko
  LD [M]  gpio-regulator.ko
  BTF [M] da9211-regulator.ko
  BTF [M] fan53555.ko
  LD [M]  isl6271a-regulator.ko
  BTF [M] gpio-regulator.ko
  LD [M]  isl9305.ko
  LD [M]  lm363x-regulator.ko
  BTF [M] isl6271a-regulator.ko
  LD [M]  lp3971.ko
  BTF [M] isl9305.ko
  LD [M]  lp3972.ko
  BTF [M] lm363x-regulator.ko
  BTF [M] lp3971.ko
  BTF [M] lp3972.ko
  LD [M]  lp872x.ko
  LD [M]  lp8788-buck.ko
  BTF [M] lp872x.ko
  LD [M]  lp8788-ldo.ko
  LD [M]  lp8755.ko
  BTF [M] lp8755.ko
  LD [M]  ltc3589.ko
  BTF [M] lp8788-buck.ko
  LD [M]  ltc3676.ko
  BTF [M] ltc3589.ko
  BTF [M] lp8788-ldo.ko
  BTF [M] ltc3676.ko
  LD [M]  max14577-regulator.ko
  LD [M]  max1586.ko
  BTF [M] max14577-regulator.ko
  LD [M]  max77503-regulator.ko
  BTF [M] max77503-regulator.ko
  LD [M]  max77541-regulator.ko
  BTF [M] max1586.ko
  LD [M]  max8649.ko
  LD [M]  max8660.ko
  BTF [M] max8660.ko
  BTF [M] max77541-regulator.ko
  BTF [M] max8649.ko
  LD [M]  max8893.ko
  LD [M]  max8907-regulator.ko
  BTF [M] max8893.ko
  BTF [M] max8907-regulator.ko
  LD [M]  max8925-regulator.ko
  BTF [M] max8925-regulator.ko
  LD [M]  max8952.ko
  LD [M]  max8997-regulator.ko
  BTF [M] max8997-regulator.ko
  LD [M]  max8998.ko
  BTF [M] max8952.ko
  LD [M]  max20086-regulator.ko
  BTF [M] max8998.ko
  BTF [M] max20086-regulator.ko
  LD [M]  max20411-regulator.ko
  LD [M]  max77693-regulator.ko
  BTF [M] max77693-regulator.ko
  BTF [M] max20411-regulator.ko
  LD [M]  max77826-regulator.ko
  LD [M]  max77838-regulator.ko
  BTF [M] max77838-regulator.ko
  BTF [M] max77826-regulator.ko
  LD [M]  max77857-regulator.ko
  BTF [M] max77857-regulator.ko
  LD [M]  mc13783-regulator.ko
  LD [M]  mc13892-regulator.ko
  LD [M]  mc13xxx-regulator-core.ko
  BTF [M] mc13892-regulator.ko
  BTF [M] mc13783-regulator.ko
  LD [M]  mp8859.ko
  LD [M]  mt6311-regulator.ko
  BTF [M] mc13xxx-regulator-core.ko
  LD [M]  mt6323-regulator.ko
  BTF [M] mt6311-regulator.ko
  BTF [M] mt6323-regulator.ko
  BTF [M] mp8859.ko
  LD [M]  mt6331-regulator.ko
  LD [M]  mt6332-regulator.ko
  BTF [M] mt6331-regulator.ko
  LD [M]  mt6357-regulator.ko
  BTF [M] mt6357-regulator.ko
  LD [M]  mt6358-regulator.ko
  BTF [M] mt6358-regulator.ko
  BTF [M] mt6332-regulator.ko
  LD [M]  mt6359-regulator.ko
  BTF [M] mt6359-regulator.ko
  LD [M]  mt6360-regulator.ko
  LD [M]  mt6370-regulator.ko
  LD [M]  mt6397-regulator.ko
  LD [M]  palmas-regulator.ko
  BTF [M] mt6360-regulator.ko
  BTF [M] mt6370-regulator.ko
  LD [M]  pca9450-regulator.ko
  LD [M]  pf0900-regulator.ko
  BTF [M] pf0900-regulator.ko
  BTF [M] mt6397-regulator.ko
  BTF [M] palmas-regulator.ko
  LD [M]  pf9453-regulator.ko
  BTF [M] pca9450-regulator.ko
  BTF [M] pf9453-regulator.ko
  LD [M]  pv88060-regulator.ko
  BTF [M] pv88060-regulator.ko
  LD [M]  pv88080-regulator.ko
  LD [M]  pv88090-regulator.ko
  BTF [M] pv88080-regulator.ko
  BTF [M] pv88090-regulator.ko
  LD [M]  pwm-regulator.ko
  LD [M]  tps51632-regulator.ko
  LD [M]  pcap-regulator.ko
  BTF [M] pwm-regulator.ko
  LD [M]  raa215300.ko
  BTF [M] pcap-regulator.ko
  BTF [M] raa215300.ko
  BTF [M] tps51632-regulator.ko
  LD [M]  rc5t583-regulator.ko
  LD [M]  rt4801-regulator.ko
  BTF [M] rt4801-regulator.ko
  BTF [M] rc5t583-regulator.ko
  LD [M]  rt4803.ko
  LD [M]  rt4831-regulator.ko
  LD [M]  rt5033-regulator.ko
  BTF [M] rt4831-regulator.ko
  BTF [M] rt4803.ko
  LD [M]  rt5120-regulator.ko
  LD [M]  rt5190a-regulator.ko
  BTF [M] rt5033-regulator.ko
  LD [M]  rt5739.ko
  LD [M]  rt5759-regulator.ko
  BTF [M] rt5739.ko
  BTF [M] rt5759-regulator.ko
  BTF [M] rt5190a-regulator.ko
  BTF [M] rt5120-regulator.ko
  LD [M]  rt6160-regulator.ko
  LD [M]  rt6190-regulator.ko
  BTF [M] rt6190-regulator.ko
  BTF [M] rt6160-regulator.ko
  LD [M]  rt6245-regulator.ko
  LD [M]  rtmv20-regulator.ko
  BTF [M] rt6245-regulator.ko
  LD [M]  rtq2134-regulator.ko
  BTF [M] rtmv20-regulator.ko
  BTF [M] rtq2134-regulator.ko
  LD [M]  rtq6752-regulator.ko
  LD [M]  rtq2208-regulator.ko
  LD [M]  sky81452-regulator.ko
  BTF [M] sky81452-regulator.ko
  LD [M]  slg51000-regulator.ko
  BTF [M] slg51000-regulator.ko
  BTF [M] rtq6752-regulator.ko
  BTF [M] rtq2208-regulator.ko
  LD [M]  sy7636a-regulator.ko
  LD [M]  tps6105x-regulator.ko
  LD [M]  tps62360-regulator.ko
  BTF [M] sy7636a-regulator.ko
  BTF [M] tps6105x-regulator.ko
  BTF [M] tps62360-regulator.ko
  LD [M]  tps65023-regulator.ko
  LD [M]  tps6507x-regulator.ko
  LD [M]  tps65086-regulator.ko
  BTF [M] tps6507x-regulator.ko
  LD [M]  tps65090-regulator.ko
  BTF [M] tps65023-regulator.ko
  BTF [M] tps65086-regulator.ko
  BTF [M] tps65090-regulator.ko
  LD [M]  tps6524x-regulator.ko
  LD [M]  tps6586x-regulator.ko
  BTF [M] tps6586x-regulator.ko
  BTF [M] tps6524x-regulator.ko
  LD [M]  tps65910-regulator.ko
  LD [M]  tps65912-regulator.ko
  LD [M]  tps65132-regulator.ko
  LD [M]  tps68470-regulator.ko
  BTF [M] tps65912-regulator.ko
  BTF [M] tps65910-regulator.ko
  LD [M]  twl-regulator.ko
  BTF [M] tps65132-regulator.ko
  BTF [M] twl-regulator.ko
  LD [M]  twl6030-regulator.ko
  LD [M]  wm831x-dcdc.ko
  LD [M]  wm831x-isink.ko
  BTF [M] tps68470-regulator.ko
  BTF [M] wm831x-dcdc.ko
  BTF [M] twl6030-regulator.ko
  BTF [M] wm831x-isink.ko
  LD [M]  wm831x-ldo.ko
  LD [M]  wm8350-regulator.ko
  BTF [M] wm831x-ldo.ko
  LD [M]  wm8400-regulator.ko
  LD [M]  wm8994-regulator.ko
  BTF [M] wm8994-regulator.ko
  BTF [M] wm8400-regulator.ko
  BTF [M] wm8350-regulator.ko
make[1]: Leaving directory '/home/lhl/.cache/paru/clone/linux-mainline/src/linux-mainline/drivers/regulator'
make: Leaving directory '/home/lhl/.cache/paru/clone/linux-mainline/src/linux-mainline'
[2026-03-09T04:48:54Z] CMD: zstd -T0 -f /home/lhl/.cache/paru/clone/linux-mainline/src/linux-mainline/drivers/platform/x86/intel/int3472/intel_skl_int3472_tps68470.ko -o /tmp/intel_skl_int3472_tps68470.fae9Mw.ko.zst
/home/lhl/.cache/paru/clone/linux-mainline/src/linux-mainline/drivers/platform/x86/intel/int3472/intel_skl_int3472_tps68470.ko : 31.10%   (   498 KiB =>    155 KiB, /tmp/intel_skl_int3472_tps68470.fae9Mw.ko.zst) 
[2026-03-09T04:48:54Z] CMD: as_root install -Dm644 /tmp/intel_skl_int3472_tps68470.fae9Mw.ko.zst /usr/lib/modules/7.0.0-rc2-1-mainline-dirty/kernel/drivers/platform/x86/intel/int3472/intel_skl_int3472_tps68470.ko.zst
[2026-03-09T04:49:02Z] CMD: zstd -T0 -f /home/lhl/.cache/paru/clone/linux-mainline/src/linux-mainline/drivers/media/pci/intel/ipu-bridge.ko -o /tmp/ipu-bridge.l4MByV.ko.zst
/home/lhl/.cache/paru/clone/linux-mainline/src/linux-mainline/drivers/media/pci/intel/ipu-bridge.ko : 32.22%   (   519 KiB =>    167 KiB, /tmp/ipu-bridge.l4MByV.ko.zst) 
[2026-03-09T04:49:02Z] CMD: as_root install -Dm644 /tmp/ipu-bridge.l4MByV.ko.zst /usr/lib/modules/7.0.0-rc2-1-mainline-dirty/kernel/drivers/media/pci/intel/ipu-bridge.ko.zst
[2026-03-09T04:49:02Z] CMD: zstd -T0 -f /home/lhl/.cache/paru/clone/linux-mainline/src/linux-mainline/drivers/media/i2c/ov5675.ko -o /tmp/ov5675.TgFFk7.ko.zst
/home/lhl/.cache/paru/clone/linux-mainline/src/linux-mainline/drivers/media/i2c/ov5675.ko : 31.12%   (   664 KiB =>    207 KiB, /tmp/ov5675.TgFFk7.ko.zst) 
[2026-03-09T04:49:02Z] CMD: as_root install -Dm644 /tmp/ov5675.TgFFk7.ko.zst /usr/lib/modules/7.0.0-rc2-1-mainline-dirty/kernel/drivers/media/i2c/ov5675.ko.zst
[2026-03-09T04:49:02Z] CMD: zstd -T0 -f /home/lhl/.cache/paru/clone/linux-mainline/src/linux-mainline/drivers/media/v4l2-core/videodev.ko -o /tmp/videodev.2B7oEA.ko.zst
/home/lhl/.cache/paru/clone/linux-mainline/src/linux-mainline/drivers/media/v4l2-core/videodev.ko : 25.35%   (  6.78 MiB =>   1.72 MiB, /tmp/videodev.2B7oEA.ko.zst) 
[2026-03-09T04:49:02Z] CMD: as_root install -Dm644 /tmp/videodev.2B7oEA.ko.zst /usr/lib/modules/7.0.0-rc2-1-mainline-dirty/kernel/drivers/media/v4l2-core/videodev.ko.zst
[2026-03-09T04:49:03Z] CMD: zstd -T0 -f /home/lhl/.cache/paru/clone/linux-mainline/src/linux-mainline/drivers/clk/clk-tps68470.ko -o /tmp/clk-tps68470.eVNISr.ko.zst
/home/lhl/.cache/paru/clone/linux-mainline/src/linux-mainline/drivers/clk/clk-tps68470.ko : 30.32%   (   362 KiB =>    110 KiB, /tmp/clk-tps68470.eVNISr.ko.zst) 
[2026-03-09T04:49:03Z] CMD: as_root install -Dm644 /tmp/clk-tps68470.eVNISr.ko.zst /usr/lib/modules/7.0.0-rc2-1-mainline-dirty/kernel/drivers/clk/clk-tps68470.ko.zst
[2026-03-09T04:49:03Z] CMD: zstd -T0 -f /home/lhl/.cache/paru/clone/linux-mainline/src/linux-mainline/drivers/regulator/tps68470-regulator.ko -o /tmp/tps68470-regulator.AD22iA.ko.zst
/home/lhl/.cache/paru/clone/linux-mainline/src/linux-mainline/drivers/regulator/tps68470-regulator.ko : 31.02%   (   433 KiB =>    134 KiB, /tmp/tps68470-regulator.AD22iA.ko.zst) 
[2026-03-09T04:49:03Z] CMD: as_root install -Dm644 /tmp/tps68470-regulator.AD22iA.ko.zst /usr/lib/modules/7.0.0-rc2-1-mainline-dirty/kernel/drivers/regulator/tps68470-regulator.ko.zst
[2026-03-09T04:49:03Z] CMD: as_root depmod -a 7.0.0-rc2-1-mainline-dirty
[2026-03-09T04:49:05Z] update log directory: /home/lhl/github/lhl/msi-prestige13-a2vm-webcam/runs/2026-03-09/20260309T134803-pmic-instrumentation-update
[2026-03-09T04:49:05Z] next step after reboot: scripts/exp1-pmic-instrumentation-verify.sh
[2026-03-09T04:49:05Z] reboot skipped by --no-reboot
