[2026-03-10T21:44:20Z] experiment: exp12 MS-13Q3 daisy-chain cross-check (Antti-inspired)
[2026-03-10T21:44:20Z] doc: docs/pmic-followup-experiments.md
[2026-03-10T21:44:20Z] kernel tree: /home/lhl/.cache/paru/clone/linux-mainline/src/linux-mainline
[2026-03-10T21:44:20Z] baseline profile: candidate
[2026-03-10T21:44:20Z] patch: /home/lhl/github/lhl/msi-prestige13-a2vm-webcam/reference/patches/ms13q3-daisy-chain-crosscheck-v1.patch
[2026-03-10T21:44:20Z] module release: 7.0.0-rc2-1-mainline-dirty
[2026-03-10T21:44:20Z] build jobs: 8
[2026-03-10T21:44:20Z] dry-run: 0
[2026-03-10T21:44:20Z] build directories:
[2026-03-10T21:44:20Z]   - drivers/platform/x86/intel/int3472
[2026-03-10T21:44:20Z]   - drivers/media/pci/intel
[2026-03-10T21:44:20Z]   - drivers/media/i2c
[2026-03-10T21:44:20Z]   - drivers/gpio
[2026-03-10T21:44:20Z] module installs:
[2026-03-10T21:44:20Z]   - drivers/platform/x86/intel/int3472/intel_skl_int3472_tps68470.ko:kernel/drivers/platform/x86/intel/int3472/intel_skl_int3472_tps68470.ko.zst
[2026-03-10T21:44:20Z]   - drivers/media/pci/intel/ipu-bridge.ko:kernel/drivers/media/pci/intel/ipu-bridge.ko.zst
[2026-03-10T21:44:20Z]   - drivers/media/i2c/ov5675.ko:kernel/drivers/media/i2c/ov5675.ko.zst
[2026-03-10T21:44:20Z]   - drivers/gpio/gpio-tps68470.ko:kernel/drivers/gpio/gpio-tps68470.ko.zst
[2026-03-10T21:44:20Z] resetting experiment-touched files back to kernel HEAD before baseline reapply
[2026-03-10T21:44:20Z] CMD: git -C /home/lhl/.cache/paru/clone/linux-mainline/src/linux-mainline checkout -- drivers/media/v4l2-core/v4l2-common.c drivers/clk/clk-tps68470.c drivers/regulator/tps68470-regulator.c drivers/platform/x86/intel/int3472/tps68470_board_data.c include/linux/platform_data/tps68470.h drivers/gpio/gpio-tps68470.c drivers/platform/x86/intel/int3472/tps68470.c drivers/platform/x86/intel/int3472/tps68470.h
[2026-03-10T21:44:21Z] CMD: git -C /home/lhl/.cache/paru/clone/linux-mainline/src/linux-mainline status --short
 M drivers/media/i2c/ov5675.c
 M drivers/media/pci/intel/ipu-bridge.c
?? drivers/media/i2c/ov5675.c.orig
?? drivers/media/pci/intel/ipu-bridge.c.orig
?? localversion.10-pkgrel
?? localversion.20-pkgname
?? version
[2026-03-10T21:44:21Z] CMD: /home/lhl/github/lhl/msi-prestige13-a2vm-webcam/scripts/patch-kernel.sh --kernel-tree /home/lhl/.cache/paru/clone/linux-mainline/src/linux-mainline --profile candidate --status
note: kernel tree is already dirty; patch state will be checked file-by-file
Kernel tree: /home/lhl/.cache/paru/clone/linux-mainline/src/linux-mainline
Profile: candidate

STATE        PATCH                        TIER       FILE
applicable   ms13q3-board-data            tested     /home/lhl/github/lhl/msi-prestige13-a2vm-webcam/reference/patches/ms13q3-int3472-tps68470-v1.patch
applied      ipu-bridge-ovti5675          tested     /home/lhl/github/lhl/msi-prestige13-a2vm-webcam/reference/patches/ipu-bridge-ovti5675-v1.patch
applied      ov5675-serial-power-on       tested     /home/lhl/github/lhl/msi-prestige13-a2vm-webcam/reference/patches/ov5675-serial-power-on-v1.patch
applied      ov5675-powerdown-followup    candidate  /home/lhl/github/lhl/msi-prestige13-a2vm-webcam/reference/patches/ov5675-powerdown-followup-v1.patch
applied      ov5675-identify-debug        candidate  /home/lhl/github/lhl/msi-prestige13-a2vm-webcam/reference/patches/ov5675-identify-debug-v1.patch
applied      ov5675-gpio-release-sequencing-debug candidate  /home/lhl/github/lhl/msi-prestige13-a2vm-webcam/reference/patches/ov5675-gpio-release-sequencing-debug-v1.patch
[2026-03-10T21:44:28Z] CMD: /home/lhl/github/lhl/msi-prestige13-a2vm-webcam/scripts/patch-kernel.sh --kernel-tree /home/lhl/.cache/paru/clone/linux-mainline/src/linux-mainline --profile candidate
note: kernel tree is already dirty; patch state will be checked file-by-file
[apply] ms13q3-board-data
[skip]  ipu-bridge-ovti5675 already applied
[skip]  ov5675-serial-power-on already applied
[skip]  ov5675-powerdown-followup already applied
[skip]  ov5675-identify-debug already applied
[skip]  ov5675-gpio-release-sequencing-debug already applied

Applied: 1
Skipped: 5
Conflicts: 0
[2026-03-10T21:44:28Z] CMD: git -C /home/lhl/.cache/paru/clone/linux-mainline/src/linux-mainline apply /home/lhl/github/lhl/msi-prestige13-a2vm-webcam/reference/patches/ms13q3-daisy-chain-crosscheck-v1.patch
[2026-03-10T21:44:28Z] CMD: make -C /home/lhl/.cache/paru/clone/linux-mainline/src/linux-mainline -j 8 M=drivers/platform/x86/intel/int3472 modules
make: Entering directory '/home/lhl/.cache/paru/clone/linux-mainline/src/linux-mainline'
make[1]: Entering directory '/home/lhl/.cache/paru/clone/linux-mainline/src/linux-mainline/drivers/platform/x86/intel/int3472'
  CC [M]  tps68470.o
  CC [M]  tps68470_board_data.o
  LD [M]  intel_skl_int3472_tps68470.o
  MODPOST Module.symvers
  CC [M]  intel_skl_int3472_tps68470.mod.o
  LD [M]  intel_skl_int3472_tps68470.ko
  BTF [M] intel_skl_int3472_tps68470.ko
make[1]: Leaving directory '/home/lhl/.cache/paru/clone/linux-mainline/src/linux-mainline/drivers/platform/x86/intel/int3472'
make: Leaving directory '/home/lhl/.cache/paru/clone/linux-mainline/src/linux-mainline'
[2026-03-10T21:44:29Z] CMD: make -C /home/lhl/.cache/paru/clone/linux-mainline/src/linux-mainline -j 8 M=drivers/media/pci/intel modules
make: Entering directory '/home/lhl/.cache/paru/clone/linux-mainline/src/linux-mainline'
make[1]: Entering directory '/home/lhl/.cache/paru/clone/linux-mainline/src/linux-mainline/drivers/media/pci/intel'
make[1]: Leaving directory '/home/lhl/.cache/paru/clone/linux-mainline/src/linux-mainline/drivers/media/pci/intel'
make: Leaving directory '/home/lhl/.cache/paru/clone/linux-mainline/src/linux-mainline'
[2026-03-10T21:44:29Z] CMD: make -C /home/lhl/.cache/paru/clone/linux-mainline/src/linux-mainline -j 8 M=drivers/media/i2c modules
make: Entering directory '/home/lhl/.cache/paru/clone/linux-mainline/src/linux-mainline'
make[1]: Entering directory '/home/lhl/.cache/paru/clone/linux-mainline/src/linux-mainline/drivers/media/i2c'
make[1]: Leaving directory '/home/lhl/.cache/paru/clone/linux-mainline/src/linux-mainline/drivers/media/i2c'
make: Leaving directory '/home/lhl/.cache/paru/clone/linux-mainline/src/linux-mainline'
[2026-03-10T21:44:30Z] CMD: make -C /home/lhl/.cache/paru/clone/linux-mainline/src/linux-mainline -j 8 M=drivers/gpio modules
make: Entering directory '/home/lhl/.cache/paru/clone/linux-mainline/src/linux-mainline'
make[1]: Entering directory '/home/lhl/.cache/paru/clone/linux-mainline/src/linux-mainline/drivers/gpio'
  CC [M]  gpio-tps68470.o
  MODPOST Module.symvers
  CC [M]  gpio-tps68470.mod.o
  LD [M]  gpio-tps68470.ko
  BTF [M] gpio-tps68470.ko
make[1]: Leaving directory '/home/lhl/.cache/paru/clone/linux-mainline/src/linux-mainline/drivers/gpio'
make: Leaving directory '/home/lhl/.cache/paru/clone/linux-mainline/src/linux-mainline'
[2026-03-10T21:44:31Z] CMD: zstd -T0 -f /home/lhl/.cache/paru/clone/linux-mainline/src/linux-mainline/drivers/platform/x86/intel/int3472/intel_skl_int3472_tps68470.ko -o /home/lhl/github/lhl/msi-prestige13-a2vm-webcam/.tmp/intel_skl_int3472_tps68470.lWWh4n.ko.zst
/home/lhl/.cache/paru/clone/linux-mainline/src/linux-mainline/drivers/platform/x86/intel/int3472/intel_skl_int3472_tps68470.ko : 31.08%   (   499 KiB =>    155 KiB, /home/lhl/github/lhl/msi-prestige13-a2vm-webcam/.tmp/intel_skl_int3472_tps68470.lWWh4n.ko.zst) 
[2026-03-10T21:44:31Z] CMD: as_root install -Dm644 /home/lhl/github/lhl/msi-prestige13-a2vm-webcam/.tmp/intel_skl_int3472_tps68470.lWWh4n.ko.zst /usr/lib/modules/7.0.0-rc2-1-mainline-dirty/kernel/drivers/platform/x86/intel/int3472/intel_skl_int3472_tps68470.ko.zst
[2026-03-10T21:44:35Z] CMD: zstd -T0 -f /home/lhl/.cache/paru/clone/linux-mainline/src/linux-mainline/drivers/media/pci/intel/ipu-bridge.ko -o /home/lhl/github/lhl/msi-prestige13-a2vm-webcam/.tmp/ipu-bridge.ZKV3Ms.ko.zst
/home/lhl/.cache/paru/clone/linux-mainline/src/linux-mainline/drivers/media/pci/intel/ipu-bridge.ko : 32.22%   (   519 KiB =>    167 KiB, /home/lhl/github/lhl/msi-prestige13-a2vm-webcam/.tmp/ipu-bridge.ZKV3Ms.ko.zst) 
[2026-03-10T21:44:35Z] CMD: as_root install -Dm644 /home/lhl/github/lhl/msi-prestige13-a2vm-webcam/.tmp/ipu-bridge.ZKV3Ms.ko.zst /usr/lib/modules/7.0.0-rc2-1-mainline-dirty/kernel/drivers/media/pci/intel/ipu-bridge.ko.zst
[2026-03-10T21:44:36Z] CMD: zstd -T0 -f /home/lhl/.cache/paru/clone/linux-mainline/src/linux-mainline/drivers/media/i2c/ov5675.ko -o /home/lhl/github/lhl/msi-prestige13-a2vm-webcam/.tmp/ov5675.nHUTzc.ko.zst
/home/lhl/.cache/paru/clone/linux-mainline/src/linux-mainline/drivers/media/i2c/ov5675.ko : 31.12%   (   664 KiB =>    207 KiB, /home/lhl/github/lhl/msi-prestige13-a2vm-webcam/.tmp/ov5675.nHUTzc.ko.zst) 
[2026-03-10T21:44:36Z] CMD: as_root install -Dm644 /home/lhl/github/lhl/msi-prestige13-a2vm-webcam/.tmp/ov5675.nHUTzc.ko.zst /usr/lib/modules/7.0.0-rc2-1-mainline-dirty/kernel/drivers/media/i2c/ov5675.ko.zst
[2026-03-10T21:44:36Z] CMD: zstd -T0 -f /home/lhl/.cache/paru/clone/linux-mainline/src/linux-mainline/drivers/gpio/gpio-tps68470.ko -o /home/lhl/github/lhl/msi-prestige13-a2vm-webcam/.tmp/gpio-tps68470.Er6trz.ko.zst
/home/lhl/.cache/paru/clone/linux-mainline/src/linux-mainline/drivers/gpio/gpio-tps68470.ko : 30.46%   (   382 KiB =>    116 KiB, /home/lhl/github/lhl/msi-prestige13-a2vm-webcam/.tmp/gpio-tps68470.Er6trz.ko.zst) 
[2026-03-10T21:44:36Z] CMD: as_root install -Dm644 /home/lhl/github/lhl/msi-prestige13-a2vm-webcam/.tmp/gpio-tps68470.Er6trz.ko.zst /usr/lib/modules/7.0.0-rc2-1-mainline-dirty/kernel/drivers/gpio/gpio-tps68470.ko.zst
[2026-03-10T21:44:36Z] CMD: as_root depmod -a 7.0.0-rc2-1-mainline-dirty
[2026-03-10T21:44:37Z] update log directory: /home/lhl/github/lhl/msi-prestige13-a2vm-webcam/runs/2026-03-11/20260311T064420-ms13q3-daisy-chain-crosscheck-update
[2026-03-10T21:44:37Z] next step after reboot: scripts/exp12-ms13q3-daisy-chain-crosscheck-verify.sh
[2026-03-10T21:44:39Z] reboot confirmed by user
