[2026-03-09T05:46:44Z] experiment: exp2 WF S_I2C_CTL staging
[2026-03-09T05:46:44Z] doc: docs/pmic-followup-experiments.md
[2026-03-09T05:46:44Z] kernel tree: /home/lhl/.cache/paru/clone/linux-mainline/src/linux-mainline
[2026-03-09T05:46:44Z] baseline profile: candidate
[2026-03-09T05:46:44Z] patch: /home/lhl/github/lhl/msi-prestige13-a2vm-webcam/reference/patches/ms13q3-wf-s-i2c-ctl-staging-v1.patch
[2026-03-09T05:46:44Z] module release: 7.0.0-rc2-1-mainline-dirty
[2026-03-09T05:46:44Z] build jobs: 8
[2026-03-09T05:46:44Z] dry-run: 0
[2026-03-09T05:46:44Z] build directories:
[2026-03-09T05:46:44Z]   - drivers/platform/x86/intel/int3472
[2026-03-09T05:46:44Z]   - drivers/media/pci/intel
[2026-03-09T05:46:44Z]   - drivers/media/i2c
[2026-03-09T05:46:44Z]   - drivers/regulator
[2026-03-09T05:46:44Z] module installs:
[2026-03-09T05:46:44Z]   - drivers/platform/x86/intel/int3472/intel_skl_int3472_tps68470.ko:kernel/drivers/platform/x86/intel/int3472/intel_skl_int3472_tps68470.ko.zst
[2026-03-09T05:46:44Z]   - drivers/media/pci/intel/ipu-bridge.ko:kernel/drivers/media/pci/intel/ipu-bridge.ko.zst
[2026-03-09T05:46:44Z]   - drivers/media/i2c/ov5675.ko:kernel/drivers/media/i2c/ov5675.ko.zst
[2026-03-09T05:46:44Z]   - drivers/regulator/tps68470-regulator.ko:kernel/drivers/regulator/tps68470-regulator.ko.zst
[2026-03-09T05:46:44Z] resetting experiment-touched files back to kernel HEAD before baseline reapply
[2026-03-09T05:46:44Z] CMD: git -C /home/lhl/.cache/paru/clone/linux-mainline/src/linux-mainline checkout -- drivers/media/v4l2-core/v4l2-common.c drivers/clk/clk-tps68470.c drivers/regulator/tps68470-regulator.c drivers/platform/x86/intel/int3472/tps68470_board_data.c include/linux/platform_data/tps68470.h drivers/gpio/gpio-tps68470.c
[2026-03-09T05:46:44Z] CMD: git -C /home/lhl/.cache/paru/clone/linux-mainline/src/linux-mainline status --short
 M drivers/media/i2c/ov5675.c
 M drivers/media/pci/intel/ipu-bridge.c
?? drivers/media/i2c/ov5675.c.orig
?? drivers/media/pci/intel/ipu-bridge.c.orig
?? localversion.10-pkgrel
?? localversion.20-pkgname
?? version
[2026-03-09T05:46:44Z] CMD: /home/lhl/github/lhl/msi-prestige13-a2vm-webcam/scripts/patch-kernel.sh --kernel-tree /home/lhl/.cache/paru/clone/linux-mainline/src/linux-mainline --profile candidate --status
note: kernel tree is already dirty; patch state will be checked file-by-file
