[2026-03-09T06:48:20Z] experiment: exp7 PMIC raw regmap trace
[2026-03-09T06:48:20Z] doc: docs/pmic-followup-experiments.md
[2026-03-09T06:48:20Z] kernel tree: /home/lhl/.cache/paru/clone/linux-mainline/src/linux-mainline
[2026-03-09T06:48:20Z] baseline profile: candidate
[2026-03-09T06:48:20Z] patch: /home/lhl/github/lhl/msi-prestige13-a2vm-webcam/reference/patches/pmic-raw-regmap-trace-v1.patch
[2026-03-09T06:48:20Z] module release: 7.0.0-rc2-1-mainline-dirty
[2026-03-09T06:48:20Z] build jobs: 8
[2026-03-09T06:48:20Z] dry-run: 1
[2026-03-09T06:48:20Z] build directories:
[2026-03-09T06:48:20Z]   - drivers/platform/x86/intel/int3472
[2026-03-09T06:48:20Z]   - drivers/media/pci/intel
[2026-03-09T06:48:20Z]   - drivers/media/i2c
[2026-03-09T06:48:20Z]   - drivers/clk
[2026-03-09T06:48:20Z]   - drivers/regulator
[2026-03-09T06:48:20Z] module installs:
[2026-03-09T06:48:20Z]   - drivers/platform/x86/intel/int3472/intel_skl_int3472_tps68470.ko:kernel/drivers/platform/x86/intel/int3472/intel_skl_int3472_tps68470.ko.zst
[2026-03-09T06:48:20Z]   - drivers/media/pci/intel/ipu-bridge.ko:kernel/drivers/media/pci/intel/ipu-bridge.ko.zst
[2026-03-09T06:48:20Z]   - drivers/media/i2c/ov5675.ko:kernel/drivers/media/i2c/ov5675.ko.zst
[2026-03-09T06:48:20Z]   - drivers/clk/clk-tps68470.ko:kernel/drivers/clk/clk-tps68470.ko.zst
[2026-03-09T06:48:20Z]   - drivers/regulator/tps68470-regulator.ko:kernel/drivers/regulator/tps68470-regulator.ko.zst
[2026-03-09T06:48:20Z] resetting experiment-touched files back to kernel HEAD before baseline reapply
[2026-03-09T06:48:20Z] CMD: git -C /home/lhl/.cache/paru/clone/linux-mainline/src/linux-mainline checkout -- drivers/media/v4l2-core/v4l2-common.c drivers/clk/clk-tps68470.c drivers/regulator/tps68470-regulator.c drivers/platform/x86/intel/int3472/tps68470_board_data.c include/linux/platform_data/tps68470.h drivers/gpio/gpio-tps68470.c
DRY_RUN: skipped
[2026-03-09T06:48:20Z] CMD: git -C /home/lhl/.cache/paru/clone/linux-mainline/src/linux-mainline status --short
DRY_RUN: skipped
[2026-03-09T06:48:20Z] CMD: /home/lhl/github/lhl/msi-prestige13-a2vm-webcam/scripts/patch-kernel.sh --kernel-tree /home/lhl/.cache/paru/clone/linux-mainline/src/linux-mainline --profile candidate --status
DRY_RUN: skipped
[2026-03-09T06:48:20Z] CMD: /home/lhl/github/lhl/msi-prestige13-a2vm-webcam/scripts/patch-kernel.sh --kernel-tree /home/lhl/.cache/paru/clone/linux-mainline/src/linux-mainline --profile candidate
DRY_RUN: skipped
[2026-03-09T06:48:20Z] CMD: git -C /home/lhl/.cache/paru/clone/linux-mainline/src/linux-mainline apply /home/lhl/github/lhl/msi-prestige13-a2vm-webcam/reference/patches/pmic-raw-regmap-trace-v1.patch
DRY_RUN: skipped
[2026-03-09T06:48:20Z] CMD: make -C /home/lhl/.cache/paru/clone/linux-mainline/src/linux-mainline -j 8 M=drivers/platform/x86/intel/int3472 modules
DRY_RUN: skipped
[2026-03-09T06:48:20Z] CMD: make -C /home/lhl/.cache/paru/clone/linux-mainline/src/linux-mainline -j 8 M=drivers/media/pci/intel modules
DRY_RUN: skipped
[2026-03-09T06:48:20Z] CMD: make -C /home/lhl/.cache/paru/clone/linux-mainline/src/linux-mainline -j 8 M=drivers/media/i2c modules
DRY_RUN: skipped
[2026-03-09T06:48:20Z] CMD: make -C /home/lhl/.cache/paru/clone/linux-mainline/src/linux-mainline -j 8 M=drivers/clk modules
DRY_RUN: skipped
[2026-03-09T06:48:20Z] CMD: make -C /home/lhl/.cache/paru/clone/linux-mainline/src/linux-mainline -j 8 M=drivers/regulator modules
DRY_RUN: skipped
[2026-03-09T06:48:20Z] CMD: zstd -T0 -f /home/lhl/.cache/paru/clone/linux-mainline/src/linux-mainline/drivers/platform/x86/intel/int3472/intel_skl_int3472_tps68470.ko -o /home/lhl/github/lhl/msi-prestige13-a2vm-webcam/.tmp/intel_skl_int3472_tps68470.dry-run.ko.zst
DRY_RUN: skipped
[2026-03-09T06:48:20Z] CMD: as_root install -Dm644 /home/lhl/github/lhl/msi-prestige13-a2vm-webcam/.tmp/intel_skl_int3472_tps68470.dry-run.ko.zst /usr/lib/modules/7.0.0-rc2-1-mainline-dirty/kernel/drivers/platform/x86/intel/int3472/intel_skl_int3472_tps68470.ko.zst
DRY_RUN: skipped
[2026-03-09T06:48:20Z] CMD: zstd -T0 -f /home/lhl/.cache/paru/clone/linux-mainline/src/linux-mainline/drivers/media/pci/intel/ipu-bridge.ko -o /home/lhl/github/lhl/msi-prestige13-a2vm-webcam/.tmp/ipu-bridge.dry-run.ko.zst
DRY_RUN: skipped
[2026-03-09T06:48:20Z] CMD: as_root install -Dm644 /home/lhl/github/lhl/msi-prestige13-a2vm-webcam/.tmp/ipu-bridge.dry-run.ko.zst /usr/lib/modules/7.0.0-rc2-1-mainline-dirty/kernel/drivers/media/pci/intel/ipu-bridge.ko.zst
DRY_RUN: skipped
[2026-03-09T06:48:20Z] CMD: zstd -T0 -f /home/lhl/.cache/paru/clone/linux-mainline/src/linux-mainline/drivers/media/i2c/ov5675.ko -o /home/lhl/github/lhl/msi-prestige13-a2vm-webcam/.tmp/ov5675.dry-run.ko.zst
DRY_RUN: skipped
[2026-03-09T06:48:20Z] CMD: as_root install -Dm644 /home/lhl/github/lhl/msi-prestige13-a2vm-webcam/.tmp/ov5675.dry-run.ko.zst /usr/lib/modules/7.0.0-rc2-1-mainline-dirty/kernel/drivers/media/i2c/ov5675.ko.zst
DRY_RUN: skipped
[2026-03-09T06:48:20Z] CMD: zstd -T0 -f /home/lhl/.cache/paru/clone/linux-mainline/src/linux-mainline/drivers/clk/clk-tps68470.ko -o /home/lhl/github/lhl/msi-prestige13-a2vm-webcam/.tmp/clk-tps68470.dry-run.ko.zst
DRY_RUN: skipped
[2026-03-09T06:48:20Z] CMD: as_root install -Dm644 /home/lhl/github/lhl/msi-prestige13-a2vm-webcam/.tmp/clk-tps68470.dry-run.ko.zst /usr/lib/modules/7.0.0-rc2-1-mainline-dirty/kernel/drivers/clk/clk-tps68470.ko.zst
DRY_RUN: skipped
[2026-03-09T06:48:20Z] CMD: zstd -T0 -f /home/lhl/.cache/paru/clone/linux-mainline/src/linux-mainline/drivers/regulator/tps68470-regulator.ko -o /home/lhl/github/lhl/msi-prestige13-a2vm-webcam/.tmp/tps68470-regulator.dry-run.ko.zst
DRY_RUN: skipped
[2026-03-09T06:48:20Z] CMD: as_root install -Dm644 /home/lhl/github/lhl/msi-prestige13-a2vm-webcam/.tmp/tps68470-regulator.dry-run.ko.zst /usr/lib/modules/7.0.0-rc2-1-mainline-dirty/kernel/drivers/regulator/tps68470-regulator.ko.zst
DRY_RUN: skipped
[2026-03-09T06:48:20Z] CMD: as_root depmod -a 7.0.0-rc2-1-mainline-dirty
DRY_RUN: skipped
[2026-03-09T06:48:20Z] update log directory: /home/lhl/github/lhl/msi-prestige13-a2vm-webcam/runs/2026-03-09/20260309T154820-pmic-raw-regmap-trace-update
[2026-03-09T06:48:20Z] next step after reboot: scripts/exp7-pmic-raw-regmap-trace-verify.sh
[2026-03-09T06:48:20Z] dry-run active; reboot skipped
